<?xml version="1.0" encoding="UTF-8"?>
<robot generator="Robot 7.4.1 (Python 3.14.2 on darwin)" generated="2026-01-20T09:30:48.962561" rpa="false" schemaversion="5">
<suite id="s1" name="AT Eval" source="/Users/doppio/Documents/GitHub/rawiwan_u_doppiotech/AutomateCamp/testcase/AT_Eval.robot">
<test id="s1-t1" name="TC_1 : Verify capture screen when case failed" line="8">
<kw name="Open website and accept cookie" owner="common" type="SETUP">
<kw name="Open Browser" owner="SeleniumLibrary">
<msg time="2026-01-20T09:30:49.138832" level="INFO">Opening browser 'chrome' to base url 'https://bitazza.co.th/home'.</msg>
<arg>${website}</arg>
<arg>${browser}</arg>
<doc>Opens a new browser instance to the optional ``url``.</doc>
<status status="PASS" start="2026-01-20T09:30:49.138709" elapsed="3.881457"/>
</kw>
<kw name="Maximize Browser Window" owner="SeleniumLibrary">
<doc>Maximizes current browser window.</doc>
<status status="PASS" start="2026-01-20T09:30:53.020823" elapsed="0.354426"/>
</kw>
<kw name="Click Element" owner="SeleniumLibrary">
<msg time="2026-01-20T09:30:53.375826" level="INFO">Clicking element '//p[text()="ยอมรับการใช้งานคุกกี้"]'.</msg>
<arg>${dict_home_page}[btn_accept_cookie]</arg>
<doc>Click the element identified by ``locator``.</doc>
<status status="PASS" start="2026-01-20T09:30:53.375410" elapsed="0.062238"/>
</kw>
<status status="PASS" start="2026-01-20T09:30:49.138285" elapsed="4.302711"/>
</kw>
<kw name="Go to spot page" owner="home_feature">
<kw name="Click market sell in menu bar" owner="home_page">
<kw name="Click element when ready" owner="common">
<kw name="Wait Until Element Is Visible" owner="SeleniumLibrary">
<arg>${element}</arg>
<doc>Waits until the element ``locator`` is visible.</doc>
<status status="PASS" start="2026-01-20T09:30:53.456799" elapsed="0.016191"/>
</kw>
<kw name="Click Element" owner="SeleniumLibrary">
<msg time="2026-01-20T09:30:53.473283" level="INFO">Clicking element '//button[@id="dropdown-basic"]/child::div[text()="ตลาดซื้อขาย"]'.</msg>
<arg>${element}</arg>
<doc>Click the element identified by ``locator``.</doc>
<status status="PASS" start="2026-01-20T09:30:53.473127" elapsed="0.026931"/>
</kw>
<arg>${dict_home_page}[btn_menubar_market_sell]</arg>
<status status="PASS" start="2026-01-20T09:30:53.445904" elapsed="0.054229"/>
</kw>
<status status="PASS" start="2026-01-20T09:30:53.445711" elapsed="0.054459"/>
</kw>
<kw name="Click dropdown market sell in menu bar" owner="home_page">
<kw name="Click element when ready" owner="common">
<kw name="Wait Until Element Is Visible" owner="SeleniumLibrary">
<arg>${element}</arg>
<doc>Waits until the element ``locator`` is visible.</doc>
<status status="PASS" start="2026-01-20T09:30:53.500586" elapsed="0.008375"/>
</kw>
<kw name="Click Element" owner="SeleniumLibrary">
<msg time="2026-01-20T09:30:53.509180" level="INFO">Clicking element '(//div[text()="ตลาดซื้อขาย"]/ancestor::div[contains(@class,"HeaderNav_DropdownItemWrapper")])[1]'.</msg>
<arg>${element}</arg>
<doc>Click the element identified by ``locator``.</doc>
<status status="PASS" start="2026-01-20T09:30:53.509057" elapsed="5.255294"/>
</kw>
<arg>${dict_home_page}[btn_submenu_market_sell]</arg>
<status status="PASS" start="2026-01-20T09:30:53.500455" elapsed="5.264264"/>
</kw>
<status status="PASS" start="2026-01-20T09:30:53.500300" elapsed="5.264717"/>
</kw>
<kw name="Verify display spot page" owner="spot_page">
<kw name="Element Should Be Visible" owner="SeleniumLibrary">
<msg time="2026-01-20T09:30:58.784014" level="INFO">Element '//a[@id="header_spot"]' is displayed.</msg>
<arg>${dict_market_sell_page}[btn_menu_spot]</arg>
<doc>Verifies that the element identified by ``locator`` is visible.</doc>
<status status="PASS" start="2026-01-20T09:30:58.765779" elapsed="0.018346"/>
</kw>
<status status="PASS" start="2026-01-20T09:30:58.765331" elapsed="0.018888"/>
</kw>
<status status="PASS" start="2026-01-20T09:30:53.443112" elapsed="5.341164"/>
</kw>
<kw name="Click menu market sell in menu bar" owner="spot_page">
<kw name="Click element when ready" owner="common">
<kw name="Wait Until Element Is Visible" owner="SeleniumLibrary">
<arg>${element}</arg>
<doc>Waits until the element ``locator`` is visible.</doc>
<status status="PASS" start="2026-01-20T09:30:58.785090" elapsed="0.011548"/>
</kw>
<kw name="Click Element" owner="SeleniumLibrary">
<msg time="2026-01-20T09:30:58.796894" level="INFO">Clicking element '//a[@id="header_market"]'.</msg>
<arg>${element}</arg>
<doc>Click the element identified by ``locator``.</doc>
<status status="PASS" start="2026-01-20T09:30:58.796752" elapsed="0.073487"/>
</kw>
<arg>${dict_market_sell_page}[btn_menu_market_sell]</arg>
<status status="PASS" start="2026-01-20T09:30:58.784832" elapsed="0.085489"/>
</kw>
<status status="PASS" start="2026-01-20T09:30:58.784542" elapsed="0.085816"/>
</kw>
<kw name="Fail and capture screen" owner="market_sell_feature">
<kw name="Wait Until Element Is Visible" owner="SeleniumLibrary">
<arg>//table[contains(@class,"table")]/tbody/tr</arg>
<doc>Waits until the element ``locator`` is visible.</doc>
<status status="PASS" start="2026-01-20T09:30:58.870814" elapsed="0.080529"/>
</kw>
<kw name="Get Element Count" owner="SeleniumLibrary">
<msg time="2026-01-20T09:30:58.956674" level="INFO">${rows} = 122</msg>
<var>${rows}</var>
<arg>//table[contains(@class,"table")]/tbody/tr</arg>
<doc>Returns the number of elements matching ``locator``.</doc>
<status status="PASS" start="2026-01-20T09:30:58.951482" elapsed="0.005217"/>
</kw>
<if>
<branch type="IF" condition="${rows} &lt; ${range}">
<kw name="Fail" owner="BuiltIn">
<msg time="2026-01-20T09:30:58.957221" level="FAIL">all record 122 is less than 300</msg>
<arg>all record ${rows} is less than ${range}</arg>
<doc>Fails the test with the given message and optionally alters its tags.</doc>
<status status="FAIL" start="2026-01-20T09:30:58.956946" elapsed="0.000374">all record 122 is less than 300</status>
</kw>
<status status="FAIL" start="2026-01-20T09:30:58.956786" elapsed="0.000578">all record 122 is less than 300</status>
</branch>
<status status="FAIL" start="2026-01-20T09:30:58.956761" elapsed="0.000634">all record 122 is less than 300</status>
</if>
<arg>300</arg>
<status status="FAIL" start="2026-01-20T09:30:58.870623" elapsed="0.086823">all record 122 is less than 300</status>
</kw>
<kw name="Default test teardown" owner="common" type="TEARDOWN">
<kw name="Run Keyword If Test Failed" owner="BuiltIn">
<kw name="Capture Page Screenshot" owner="SeleniumLibrary">
<msg time="2026-01-20T09:30:59.087073" level="INFO" html="true">&lt;/td&gt;&lt;/tr&gt;&lt;tr&gt;&lt;td colspan="3"&gt;&lt;a href="selenium-screenshot-1.png"&gt;&lt;img src="selenium-screenshot-1.png" width="800px"&gt;&lt;/a&gt;</msg>
<doc>Takes a screenshot of the current page and embeds it into a log file.</doc>
<status status="PASS" start="2026-01-20T09:30:58.957968" elapsed="0.129170"/>
</kw>
<arg>SeleniumLibrary.Capture Page Screenshot</arg>
<doc>Runs the given keyword with the given arguments, if the test failed.</doc>
<status status="PASS" start="2026-01-20T09:30:58.957774" elapsed="0.129416"/>
</kw>
<kw name="Close website" owner="common">
<kw name="Close Browser" owner="SeleniumLibrary">
<doc>Closes the current browser.</doc>
<status status="PASS" start="2026-01-20T09:30:59.087465" elapsed="0.101216"/>
</kw>
<status status="PASS" start="2026-01-20T09:30:59.087303" elapsed="0.101446"/>
</kw>
<status status="PASS" start="2026-01-20T09:30:58.957640" elapsed="0.231136"/>
</kw>
<status status="FAIL" start="2026-01-20T09:30:49.137948" elapsed="10.050888">all record 122 is less than 300</status>
</test>
<test id="s1-t2" name="TC_2 : Verify capture screen when case passed" line="13">
<kw name="Open website and accept cookie" owner="common" type="SETUP">
<kw name="Open Browser" owner="SeleniumLibrary">
<msg time="2026-01-20T09:30:59.189531" level="INFO">Opening browser 'chrome' to base url 'https://bitazza.co.th/home'.</msg>
<arg>${website}</arg>
<arg>${browser}</arg>
<doc>Opens a new browser instance to the optional ``url``.</doc>
<status status="PASS" start="2026-01-20T09:30:59.189415" elapsed="1.088279"/>
</kw>
<kw name="Maximize Browser Window" owner="SeleniumLibrary">
<doc>Maximizes current browser window.</doc>
<status status="PASS" start="2026-01-20T09:31:00.285476" elapsed="1.825023"/>
</kw>
<kw name="Click Element" owner="SeleniumLibrary">
<msg time="2026-01-20T09:31:02.110962" level="INFO">Clicking element '//p[text()="ยอมรับการใช้งานคุกกี้"]'.</msg>
<arg>${dict_home_page}[btn_accept_cookie]</arg>
<doc>Click the element identified by ``locator``.</doc>
<status status="PASS" start="2026-01-20T09:31:02.110671" elapsed="0.039868"/>
</kw>
<status status="PASS" start="2026-01-20T09:30:59.189272" elapsed="2.961526"/>
</kw>
<kw name="Go to spot page" owner="home_feature">
<kw name="Click market sell in menu bar" owner="home_page">
<kw name="Click element when ready" owner="common">
<kw name="Wait Until Element Is Visible" owner="SeleniumLibrary">
<arg>${element}</arg>
<doc>Waits until the element ``locator`` is visible.</doc>
<status status="PASS" start="2026-01-20T09:31:02.152737" elapsed="0.011159"/>
</kw>
<kw name="Click Element" owner="SeleniumLibrary">
<msg time="2026-01-20T09:31:02.164168" level="INFO">Clicking element '//button[@id="dropdown-basic"]/child::div[text()="ตลาดซื้อขาย"]'.</msg>
<arg>${element}</arg>
<doc>Click the element identified by ``locator``.</doc>
<status status="PASS" start="2026-01-20T09:31:02.164022" elapsed="0.031644"/>
</kw>
<arg>${dict_home_page}[btn_menubar_market_sell]</arg>
<status status="PASS" start="2026-01-20T09:31:02.152037" elapsed="0.043693"/>
</kw>
<status status="PASS" start="2026-01-20T09:31:02.151692" elapsed="0.044068"/>
</kw>
<kw name="Click dropdown market sell in menu bar" owner="home_page">
<kw name="Click element when ready" owner="common">
<kw name="Wait Until Element Is Visible" owner="SeleniumLibrary">
<arg>${element}</arg>
<doc>Waits until the element ``locator`` is visible.</doc>
<status status="PASS" start="2026-01-20T09:31:02.196454" elapsed="0.008880"/>
</kw>
<kw name="Click Element" owner="SeleniumLibrary">
<msg time="2026-01-20T09:31:02.205595" level="INFO">Clicking element '(//div[text()="ตลาดซื้อขาย"]/ancestor::div[contains(@class,"HeaderNav_DropdownItemWrapper")])[1]'.</msg>
<arg>${element}</arg>
<doc>Click the element identified by ``locator``.</doc>
<status status="PASS" start="2026-01-20T09:31:02.205452" elapsed="3.362749"/>
</kw>
<arg>${dict_home_page}[btn_submenu_market_sell]</arg>
<status status="PASS" start="2026-01-20T09:31:02.196296" elapsed="3.372010"/>
</kw>
<status status="PASS" start="2026-01-20T09:31:02.195951" elapsed="3.372412"/>
</kw>
<kw name="Verify display spot page" owner="spot_page">
<kw name="Element Should Be Visible" owner="SeleniumLibrary">
<msg time="2026-01-20T09:31:05.672507" level="INFO">Element '//a[@id="header_spot"]' is displayed.</msg>
<arg>${dict_market_sell_page}[btn_menu_spot]</arg>
<doc>Verifies that the element identified by ``locator`` is visible.</doc>
<status status="PASS" start="2026-01-20T09:31:05.568764" elapsed="0.103808"/>
</kw>
<status status="PASS" start="2026-01-20T09:31:05.568530" elapsed="0.104104"/>
</kw>
<status status="PASS" start="2026-01-20T09:31:02.151398" elapsed="3.521265"/>
</kw>
<kw name="Click menu market sell in menu bar" owner="spot_page">
<kw name="Click element when ready" owner="common">
<kw name="Wait Until Element Is Visible" owner="SeleniumLibrary">
<arg>${element}</arg>
<doc>Waits until the element ``locator`` is visible.</doc>
<status status="PASS" start="2026-01-20T09:31:05.673126" elapsed="0.007636"/>
</kw>
<kw name="Click Element" owner="SeleniumLibrary">
<msg time="2026-01-20T09:31:05.680974" level="INFO">Clicking element '//a[@id="header_market"]'.</msg>
<arg>${element}</arg>
<doc>Click the element identified by ``locator``.</doc>
<status status="PASS" start="2026-01-20T09:31:05.680860" elapsed="0.053607"/>
</kw>
<arg>${dict_market_sell_page}[btn_menu_market_sell]</arg>
<status status="PASS" start="2026-01-20T09:31:05.672982" elapsed="0.061846"/>
</kw>
<status status="PASS" start="2026-01-20T09:31:05.672820" elapsed="0.062109"/>
</kw>
<kw name="Fail and capture screen" owner="market_sell_feature">
<kw name="Wait Until Element Is Visible" owner="SeleniumLibrary">
<arg>//table[contains(@class,"table")]/tbody/tr</arg>
<doc>Waits until the element ``locator`` is visible.</doc>
<status status="PASS" start="2026-01-20T09:31:05.735540" elapsed="0.352238"/>
</kw>
<kw name="Get Element Count" owner="SeleniumLibrary">
<msg time="2026-01-20T09:31:06.128400" level="INFO">${rows} = 122</msg>
<var>${rows}</var>
<arg>//table[contains(@class,"table")]/tbody/tr</arg>
<doc>Returns the number of elements matching ``locator``.</doc>
<status status="PASS" start="2026-01-20T09:31:06.087908" elapsed="0.040527"/>
</kw>
<if>
<branch type="IF" condition="${rows} &lt; ${range}">
<kw name="Fail" owner="BuiltIn">
<arg>all record ${rows} is less than ${range}</arg>
<doc>Fails the test with the given message and optionally alters its tags.</doc>
<status status="NOT RUN" start="2026-01-20T09:31:06.128729" elapsed="0.000020"/>
</kw>
<status status="NOT RUN" start="2026-01-20T09:31:06.128538" elapsed="0.000235"/>
</branch>
<status status="PASS" start="2026-01-20T09:31:06.128510" elapsed="0.000290"/>
</if>
<arg>50</arg>
<status status="PASS" start="2026-01-20T09:31:05.735318" elapsed="0.393511"/>
</kw>
<kw name="Default test teardown" owner="common" type="TEARDOWN">
<kw name="Run Keyword If Test Failed" owner="BuiltIn">
<arg>SeleniumLibrary.Capture Page Screenshot</arg>
<doc>Runs the given keyword with the given arguments, if the test failed.</doc>
<status status="PASS" start="2026-01-20T09:31:06.129368" elapsed="0.000237"/>
</kw>
<kw name="Close website" owner="common">
<kw name="Close Browser" owner="SeleniumLibrary">
<doc>Closes the current browser.</doc>
<status status="PASS" start="2026-01-20T09:31:06.129811" elapsed="0.087753"/>
</kw>
<status status="PASS" start="2026-01-20T09:31:06.129691" elapsed="0.087945"/>
</kw>
<status status="PASS" start="2026-01-20T09:31:06.129042" elapsed="0.088623"/>
</kw>
<status status="PASS" start="2026-01-20T09:30:59.189043" elapsed="7.028680"/>
</test>
<status status="FAIL" start="2026-01-20T09:30:48.963702" elapsed="17.254348"/>
</suite>
<statistics>
<total>
<stat pass="1" fail="1" skip="0">All Tests</stat>
</total>
<tag>
</tag>
<suite>
<stat name="AT Eval" id="s1" pass="1" fail="1" skip="0">AT Eval</stat>
</suite>
</statistics>
<errors>
</errors>
</robot>
